<?xml version="1.0" encoding="UTF-8"?>
<!-- Generated by org.testng.reporters.JUnitReportReporter -->
<testsuite hostname="WSN7LTGDY3" failures="0" tests="1" name="scripts.LabFriend_HomePageValidation" time="5.846" errors="0" timestamp="2024-04-03T13:56:16 IST" skipped="0">
  <testcase classname="scripts.LabFriend_HomePageValidation" name="labfriendHomePageValidation" time="5.846"/>
</testsuite> <!-- scripts.LabFriend_HomePageValidation -->
