<?xml version="1.0" encoding="UTF-8"?>
<!-- Generated by org.testng.reporters.JUnitReportReporter -->
<testsuite hostname="WSN7LTGDY3" failures="0" tests="1" name="scripts.Labfriend_LandingPage" time="6.455" errors="0" timestamp="2024-04-02T09:56:39 IST" skipped="0">
  <testcase classname="scripts.Labfriend_LandingPage" name="firtstest" time="6.455"/>
</testsuite> <!-- scripts.Labfriend_LandingPage -->
