<?xml version="1.0" encoding="UTF-8"?>
<!-- Generated by org.testng.reporters.JUnitReportReporter -->
<testsuite hostname="WSN7LTGDY3" failures="0" tests="1" name="scripts.Labfriend_CheckoutProductsScript" time="16.954" errors="0" timestamp="2024-04-10T13:51:15 IST" skipped="0">
  <testcase classname="scripts.Labfriend_CheckoutProductsScript" name="checkoutProducts" time="16.954"/>
</testsuite> <!-- scripts.Labfriend_CheckoutProductsScript -->
